2025-08-06 11:51:10 0 [Note] Starting MariaDB 11.8.2-MariaDB source revision 8d36cafe4fc700e6e577d5a36650c58707e76b92 server_uid CnrTBu1yRRe1oG6u4lcR/ErncxY= as process 34984
2025-08-06 11:51:10 0 [Note] InnoDB: The first data file './ibdata1' did not exist. A new tablespace will be created!
2025-08-06 11:51:10 0 [Note] InnoDB: Compressed tables use zlib 1.3.1
2025-08-06 11:51:10 0 [Note] InnoDB: Number of transaction pools: 1
2025-08-06 11:51:10 0 [Note] InnoDB: Using crc32 + pclmulqdq instructions
2025-08-06 11:51:10 0 [Note] InnoDB: innodb_buffer_pool_size_max=128m, innodb_buffer_pool_size=128m
2025-08-06 11:51:10 0 [Note] InnoDB: Completed initialization of buffer pool
2025-08-06 11:51:10 0 [Note] InnoDB: Setting file './ibdata1' size to 12.000MiB. Physically writing the file full; Please wait ...
2025-08-06 11:51:10 0 [Note] InnoDB: File './ibdata1' size is now 12.000MiB.
2025-08-06 11:51:10 0 [Note] InnoDB: File system buffers for log disabled (block size=512 bytes)
2025-08-06 11:51:10 0 [Note] InnoDB: Data file .//undo001 did not exist: new to be created
2025-08-06 11:51:10 0 [Note] InnoDB: Setting file .//undo001 size to 10.000MiB
2025-08-06 11:51:10 0 [Note] InnoDB: Database physically writes the file full: wait...
2025-08-06 11:51:10 0 [Note] InnoDB: Data file .//undo002 did not exist: new to be created
2025-08-06 11:51:10 0 [Note] InnoDB: Setting file .//undo002 size to 10.000MiB
2025-08-06 11:51:10 0 [Note] InnoDB: Database physically writes the file full: wait...
2025-08-06 11:51:10 0 [Note] InnoDB: Data file .//undo003 did not exist: new to be created
2025-08-06 11:51:10 0 [Note] InnoDB: Setting file .//undo003 size to 10.000MiB
2025-08-06 11:51:10 0 [Note] InnoDB: Database physically writes the file full: wait...
2025-08-06 11:51:10 0 [Note] InnoDB: Doublewrite buffer not found: creating new
2025-08-06 11:51:10 0 [Note] InnoDB: Doublewrite buffer created
2025-08-06 11:51:10 0 [Note] InnoDB: Opened 3 undo tablespaces
2025-08-06 11:51:10 0 [Note] InnoDB: 128 rollback segments in 3 undo tablespaces are active.
2025-08-06 11:51:10 0 [Note] InnoDB: Setting file './ibtmp1' size to 12.000MiB. Physically writing the file full; Please wait ...
2025-08-06 11:51:10 0 [Note] InnoDB: File './ibtmp1' size is now 12.000MiB.
2025-08-06 11:51:10 0 [Note] InnoDB: log sequence number 0; transaction id 3
2025-08-06 11:51:10 0 [Note] Plugin 'FEEDBACK' is disabled.
2025-08-06 11:51:10 0 [Note] mysqld.exe: SSPI: using principal name 'evandepoele@O03.fr', mech 'Negotiate'
2025-08-06 11:51:10 0 [ERROR] Could not open mysql.plugin table: "Table 'mysql.plugin' doesn't exist". Some plugins may be not loaded
2025-08-06 11:51:10 0 [ERROR] C:\Users\evandepoele\Downloads\Fairy_AI-main\Fairy_AI-main\fairy-install\mariadb\bin\mysqld.exe: unknown option '--initialize-insecure'
2025-08-06 11:51:10 0 [ERROR] Aborting
